[debug] [2024-11-01T08:08:10.654Z] ----------------------------------------------------------------------
[debug] [2024-11-01T08:08:10.659Z] Command:       C:\Program Files\nodejs\node.exe C:\Users\Mohamed\AppData\Roaming\npm\node_modules\firebase-tools\lib\bin\firebase.js login
[debug] [2024-11-01T08:08:10.660Z] CLI Version:   13.23.1
[debug] [2024-11-01T08:08:10.660Z] Platform:      win32
[debug] [2024-11-01T08:08:10.660Z] Node Version:  v22.4.1
[debug] [2024-11-01T08:08:10.660Z] Time:          Fri Nov 01 2024 10:08:10 GMT+0200 (Eastern European Standard Time)
[debug] [2024-11-01T08:08:10.661Z] ----------------------------------------------------------------------
[debug] 
[debug] [2024-11-01T08:08:10.666Z] >>> [apiv2][query] GET https://firebase-public.firebaseio.com/cli.json [none]
[info] i  Firebase optionally collects CLI and Emulator Suite usage and error reporting information to help improve our products. Data is collected in accordance with Google's privacy policy (https://policies.google.com/privacy) and is not used to identify you.
 
[debug] [2024-11-01T08:08:11.186Z] <<< [apiv2][status] GET https://firebase-public.firebaseio.com/cli.json 200
[debug] [2024-11-01T08:08:11.187Z] <<< [apiv2][body] GET https://firebase-public.firebaseio.com/cli.json {"cloudBuildErrorAfter":1594252800000,"cloudBuildWarnAfter":1590019200000,"defaultNode10After":1594252800000,"minVersion":"3.0.5","node8DeploysDisabledAfter":1613390400000,"node8RuntimeDisabledAfter":1615809600000,"node8WarnAfter":1600128000000}
[info] 
[info] Visit this URL on this device to log in:
[info] https://accounts.google.com/o/oauth2/auth?client_id=563584335869-fgrhgmd47bqnekij5i8b5pr03ho849e6.apps.googleusercontent.com&scope=email%20openid%20https%3A%2F%2Fwww.googleapis.com%2Fauth%2Fcloudplatformprojects.readonly%20https%3A%2F%2Fwww.googleapis.com%2Fauth%2Ffirebase%20https%3A%2F%2Fwww.googleapis.com%2Fauth%2Fcloud-platform&response_type=code&state=237539000&redirect_uri=http%3A%2F%2Flocalhost%3A9005
[info] 
[info] Waiting for authentication...
[debug] [2024-11-01T08:10:28.489Z] Unable to open URL: Error: spawn UNKNOWN
    at ChildProcess.spawn (node:internal/child_process:421:11)
    at Object.spawn (node:child_process:760:9)
    at module.exports (C:\Users\Mohamed\AppData\Roaming\npm\node_modules\firebase-tools\node_modules\open\index.js:114:34)
    at open (C:\Users\Mohamed\AppData\Roaming\npm\node_modules\firebase-tools\lib\auth.js:136:5)
    at Server.<anonymous> (C:\Users\Mohamed\AppData\Roaming\npm\node_modules\firebase-tools\lib\auth.js:369:13)
    at Object.onceWrapper (node:events:634:28)
    at Server.emit (node:events:532:35)
    at Server.emit (node:domain:488:12)
    at emitListeningNT (node:net:1947:10)
    at process.processTicksAndRejections (node:internal/process/task_queues:81:21)
